c:\users\fran\desktop\breakout\x64\debug\vc143.pdb
c:\users\fran\desktop\breakout\x64\debug\vc143.idb
c:\users\fran\desktop\breakout\x64\debug\window.obj
c:\users\fran\desktop\breakout\x64\debug\transform.obj
c:\users\fran\desktop\breakout\x64\debug\tinyxmlparser.obj
c:\users\fran\desktop\breakout\x64\debug\tinyxmlerror.obj
c:\users\fran\desktop\breakout\x64\debug\tinyxml.obj
c:\users\fran\desktop\breakout\x64\debug\tinystr.obj
c:\users\fran\desktop\breakout\x64\debug\texture.obj
c:\users\fran\desktop\breakout\x64\debug\main.obj
c:\users\fran\desktop\breakout\x64\debug\level.obj
c:\users\fran\desktop\breakout\x64\debug\inputhandler.obj
c:\users\fran\desktop\breakout\x64\debug\circlecollider.obj
c:\users\fran\desktop\breakout\x64\debug\boxcollider.obj
c:\users\fran\desktop\breakout\x64\debug\gameobject.obj
c:\users\fran\desktop\breakout\x64\debug\gamemanager.obj
c:\users\fran\desktop\breakout\x64\debug\component.obj
c:\users\fran\desktop\breakout\x64\debug\bricktype.obj
c:\users\fran\desktop\breakout\x64\debug\breakoutgame.obj
c:\users\fran\desktop\breakout\x64\debug\moveable.obj
c:\users\fran\desktop\breakout\x64\debug\force.obj
c:\users\fran\desktop\breakout\x64\debug\collider.obj
c:\users\fran\desktop\breakout\x64\debug\soundmanager.obj
c:\users\fran\desktop\breakout\x64\debug\breakout.exe
c:\users\fran\desktop\breakout\x64\debug\breakout.ilk
c:\users\fran\desktop\breakout\x64\debug\breakout.pdb
c:\users\fran\desktop\breakout\x64\debug\breakoutgame.obj.enc
c:\users\fran\desktop\breakout\x64\debug\gameobject.obj.enc
c:\users\fran\desktop\breakout\x64\debug\level.obj.enc
c:\users\fran\desktop\breakout\x64\debug\breakout.tlog\cl.command.1.tlog
c:\users\fran\desktop\breakout\x64\debug\breakout.tlog\cl.items.tlog
c:\users\fran\desktop\breakout\x64\debug\breakout.tlog\cl.read.1.tlog
c:\users\fran\desktop\breakout\x64\debug\breakout.tlog\cl.write.1.tlog
c:\users\fran\desktop\breakout\x64\debug\breakout.tlog\link.command.1.tlog
c:\users\fran\desktop\breakout\x64\debug\breakout.tlog\link.read.1.tlog
c:\users\fran\desktop\breakout\x64\debug\breakout.tlog\link.write.1.tlog
